mode: set
winshot/internal/upload/credentials.go:41.48,43.2 1 1
winshot/internal/upload/credentials.go:48.59,49.15 1 1
winshot/internal/upload/credentials.go:49.15,51.3 1 0
winshot/internal/upload/credentials.go:52.2,55.21 4 1
winshot/internal/upload/credentials.go:61.62,63.16 2 1
winshot/internal/upload/credentials.go:63.16,65.42 1 1
winshot/internal/upload/credentials.go:65.42,67.4 1 1
winshot/internal/upload/credentials.go:68.3,68.61 1 0
winshot/internal/upload/credentials.go:70.2,70.41 1 1
winshot/internal/upload/credentials.go:76.55,78.16 2 1
winshot/internal/upload/credentials.go:78.16,80.42 1 1
winshot/internal/upload/credentials.go:80.42,82.4 1 1
winshot/internal/upload/credentials.go:83.3,83.70 1 0
winshot/internal/upload/credentials.go:85.2,85.22 1 1
winshot/internal/upload/credentials.go:89.54,92.2 2 1
winshot/internal/upload/r2.go:36.73,38.2 1 1
winshot/internal/upload/r2.go:41.42,42.74 1 1
winshot/internal/upload/r2.go:42.74,44.3 1 1
winshot/internal/upload/r2.go:45.2,45.83 1 1
winshot/internal/upload/r2.go:49.54,51.16 2 1
winshot/internal/upload/r2.go:51.16,53.3 1 1
winshot/internal/upload/r2.go:54.2,55.16 2 0
winshot/internal/upload/r2.go:55.16,57.3 1 0
winshot/internal/upload/r2.go:59.2,67.20 3 0
winshot/internal/upload/r2.go:71.48,73.9 2 1
winshot/internal/upload/r2.go:74.75,75.22 1 1
winshot/internal/upload/r2.go:76.40,77.21 1 1
winshot/internal/upload/r2.go:78.40,79.21 1 1
winshot/internal/upload/r2.go:80.41,81.22 1 1
winshot/internal/upload/r2.go:82.10,83.36 1 1
winshot/internal/upload/r2.go:88.103,90.16 2 1
winshot/internal/upload/r2.go:90.16,92.3 1 1
winshot/internal/upload/r2.go:94.2,97.54 3 0
winshot/internal/upload/r2.go:97.54,98.18 1 0
winshot/internal/upload/r2.go:98.18,101.11 2 0
winshot/internal/upload/r2.go:102.22,103.78 1 0
winshot/internal/upload/r2.go:104.29,104.29 0 0
winshot/internal/upload/r2.go:108.3,117.17 4 0
winshot/internal/upload/r2.go:117.17,121.4 2 0
winshot/internal/upload/r2.go:122.3,122.16 1 0
winshot/internal/upload/r2.go:126.2,127.62 2 0
winshot/internal/upload/r2.go:131.45,133.16 2 1
winshot/internal/upload/r2.go:133.16,135.3 1 1
winshot/internal/upload/r2.go:137.2,143.16 4 0
winshot/internal/upload/r2.go:143.16,145.3 1 0
winshot/internal/upload/r2.go:147.2,147.12 1 0
